c:\users\puush\documents\metropolia\c++projekti\miikkaprojekti\vaihe_final\shakki\debug\vc141.pdb
c:\users\puush\documents\metropolia\c++projekti\miikkaprojekti\vaihe_final\shakki\debug\vc141.idb
c:\users\puush\documents\metropolia\c++projekti\miikkaprojekti\vaihe_final\shakki\debug\asema.obj
c:\users\puush\documents\metropolia\c++projekti\miikkaprojekti\vaihe_final\shakki\debug\kayttoliittyma.obj
c:\users\puush\documents\metropolia\c++projekti\miikkaprojekti\vaihe_final\shakki\debug\main.obj
c:\users\puush\documents\metropolia\c++projekti\miikkaprojekti\vaihe_final\shakki\debug\nappula.obj
c:\users\puush\documents\metropolia\c++projekti\miikkaprojekti\vaihe_final\shakki\debug\peli.obj
c:\users\puush\documents\metropolia\c++projekti\miikkaprojekti\vaihe_final\shakki\debug\ruutu.obj
c:\users\puush\documents\metropolia\c++projekti\miikkaprojekti\vaihe_final\shakki\debug\siirto.obj
c:\users\puush\documents\metropolia\c++projekti\miikkaprojekti\vaihe_final\shakki\debug\vastustaja.obj
c:\users\puush\documents\metropolia\c++projekti\miikkaprojekti\vaihe_final - koko runko\shakki\debug\vc141.pdb
c:\users\puush\documents\metropolia\c++projekti\miikkaprojekti\vaihe_final - koko runko\shakki\debug\vc141.idb
c:\users\puush\documents\metropolia\c++projekti\miikkaprojekti\vaihe_final - koko runko\shakki\debug\kayttoliittyma.obj
c:\users\puush\documents\metropolia\c++projekti\miikkaprojekti\vaihe_final - koko runko\shakki\debug\main.obj
c:\users\puush\documents\metropolia\c++projekti\miikkaprojekti\vaihe_final - koko runko\shakki\debug\nappula.obj
c:\users\puush\documents\metropolia\c++projekti\miikkaprojekti\vaihe_final - koko runko\shakki\debug\peli.obj
c:\users\puush\documents\metropolia\c++projekti\miikkaprojekti\vaihe_final - koko runko\shakki\debug\ruutu.obj
c:\users\puush\documents\metropolia\c++projekti\miikkaprojekti\vaihe_final - koko runko\shakki\debug\siirto.obj
c:\users\puush\documents\metropolia\c++projekti\miikkaprojekti\vaihe_final - koko runko\shakki\debug\vastustaja.obj
c:\users\puush\documents\metropolia\c++projekti\miikkaprojekti\vaihe_final - koko runko\shakki\debug\asema.obj
c:\users\puush\documents\metropolia\c++projekti\miikkaprojekti\vaihe_final\debug\shakki.ilk
c:\users\puush\documents\metropolia\c++projekti\miikkaprojekti\vaihe_final\debug\shakki.exe
c:\users\puush\documents\metropolia\c++projekti\miikkaprojekti\vaihe_final\debug\shakki.pdb
c:\users\puush\documents\metropolia\c++projekti\miikkaprojekti\vaihe_final - koko runko\debug\shakki.exe
c:\users\puush\documents\metropolia\c++projekti\miikkaprojekti\vaihe_final - koko runko\debug\shakki.ilk
c:\users\puush\documents\metropolia\c++projekti\miikkaprojekti\vaihe_final - koko runko\debug\shakki.pdb
c:\users\puush\documents\metropolia\c++projekti\miikkaprojekti\vaihe_final - koko runko\shakki\debug\shakki.tlog\cl.command.1.tlog
c:\users\puush\documents\metropolia\c++projekti\miikkaprojekti\vaihe_final - koko runko\shakki\debug\shakki.tlog\cl.read.1.tlog
c:\users\puush\documents\metropolia\c++projekti\miikkaprojekti\vaihe_final - koko runko\shakki\debug\shakki.tlog\cl.write.1.tlog
c:\users\puush\documents\metropolia\c++projekti\miikkaprojekti\vaihe_final - koko runko\shakki\debug\shakki.tlog\link.command.1.tlog
c:\users\puush\documents\metropolia\c++projekti\miikkaprojekti\vaihe_final - koko runko\shakki\debug\shakki.tlog\link.read.1.tlog
c:\users\puush\documents\metropolia\c++projekti\miikkaprojekti\vaihe_final - koko runko\shakki\debug\shakki.tlog\link.write.1.tlog
